  classfile.cpp
E:\software engineer\Wise\wisec\grammaranalysiser.h(33): warning C4091: “static ”: 没有声明变量时忽略“wisec::Expression::Type”的左侧
E:\software engineer\Wise\wisec\grammaranalysiser.h(152): warning C4091: “static ”: 没有声明变量时忽略“wisec::Statement::Type”的左侧
  codegarmmar.tab.cpp
E:\software engineer\Wise\wisec\grammaranalysiser.h(33): warning C4091: “static ”: 没有声明变量时忽略“wisec::Expression::Type”的左侧
E:\software engineer\Wise\wisec\grammaranalysiser.h(152): warning C4091: “static ”: 没有声明变量时忽略“wisec::Statement::Type”的左侧
E:\software engineer\Wise\wisec\codegarmmar.tab.c(964,5): warning C4065: switch 语句包含“default”但是未包含“case”标签
E:\software engineer\Wise\wisec\codegarmmar.tab.c(1330,5): warning C4065: switch 语句包含“default”但是未包含“case”标签
  compiler.cpp
E:\software engineer\Wise\wisec\grammaranalysiser.h(33): warning C4091: “static ”: 没有声明变量时忽略“wisec::Expression::Type”的左侧
E:\software engineer\Wise\wisec\grammaranalysiser.h(152): warning C4091: “static ”: 没有声明变量时忽略“wisec::Statement::Type”的左侧
  grammaranalysiser.cpp
E:\software engineer\Wise\wisec\grammaranalysiser.h(33): warning C4091: “static ”: 没有声明变量时忽略“wisec::Expression::Type”的左侧
E:\software engineer\Wise\wisec\grammaranalysiser.h(152): warning C4091: “static ”: 没有声明变量时忽略“wisec::Statement::Type”的左侧
  lex.yy.cpp
E:\software engineer\Wise\wisec\grammaranalysiser.h(33): warning C4091: “static ”: 没有声明变量时忽略“wisec::Expression::Type”的左侧
E:\software engineer\Wise\wisec\grammaranalysiser.h(152): warning C4091: “static ”: 没有声明变量时忽略“wisec::Statement::Type”的左侧
E:\software engineer\Wise\wisec\codegarmmar.l(131,20): warning C4477: “sscanf_s”: 格式字符串“%d”需要类型“int *”的参数，但可变参数 1 拥有了类型“YYSTYPE *”
E:\software engineer\Wise\wisec\lex.yy.c(775,10): warning C4102: “find_rule”: 未引用的标签
E:\software engineer\Wise\wisec\lex.yy.c(1665,36): warning C4273: “_isatty”: dll 链接不一致
D:\Windows Kits\10\Include\10.0.18362.0\ucrt\corecrt_io.h(198,26): message : 参见“_isatty”的前一个定义
  main.cpp
E:\software engineer\Wise\wisec\grammaranalysiser.h(33): warning C4091: “static ”: 没有声明变量时忽略“wisec::Expression::Type”的左侧
E:\software engineer\Wise\wisec\grammaranalysiser.h(152): warning C4091: “static ”: 没有声明变量时忽略“wisec::Statement::Type”的左侧
E:\software engineer\Wise\wisec\main.cpp(30,23): warning C4018: “<”: 有符号/无符号不匹配
  util.cpp
  正在生成代码...
  wisec.vcxproj -> E:\software engineer\Wise\wisec\Debug\wisec.exe
